<?xml version="1.0" encoding="UTF-8"?>
<testng-results ignored="0" total="1" passed="1" failed="0" skipped="0">
  <reporter-output>
  </reporter-output>
  <suite started-at="2021-03-26T09:40:46 EDT" name="inetBankingV1" finished-at="2021-03-26T09:41:01 EDT" duration-ms="15172">
    <groups>
    </groups>
    <test started-at="2021-03-26T09:40:46 EDT" name="Banking App Test" finished-at="2021-03-26T09:41:01 EDT" duration-ms="15172">
      <class name="com.iNetbanking.testCases.TC_LoginTest_001">
        <test-method is-config="true" signature="setup(java.lang.String)[pri:0, instance:com.iNetbanking.testCases.TC_LoginTest_001@d4342c2]" started-at="2021-03-26T09:40:46 EDT" name="setup" finished-at="2021-03-26T09:40:59 EDT" duration-ms="12863" status="PASS">
          <params>
            <param index="0">
              <value>
                <![CDATA[firefox]]>
              </value>
            </param>
          </params>
          <reporter-output>
          </reporter-output>
        </test-method> <!-- setup -->
        <test-method signature="loginTest()[pri:0, instance:com.iNetbanking.testCases.TC_LoginTest_001@d4342c2]" started-at="2021-03-26T09:40:59 EDT" name="loginTest" finished-at="2021-03-26T09:41:00 EDT" duration-ms="642" status="PASS">
          <reporter-output>
          </reporter-output>
        </test-method> <!-- loginTest -->
        <test-method is-config="true" signature="tearDown()[pri:0, instance:com.iNetbanking.testCases.TC_LoginTest_001@d4342c2]" started-at="2021-03-26T09:41:00 EDT" name="tearDown" finished-at="2021-03-26T09:41:01 EDT" duration-ms="1594" status="PASS">
          <reporter-output>
          </reporter-output>
        </test-method> <!-- tearDown -->
      </class> <!-- com.iNetbanking.testCases.TC_LoginTest_001 -->
    </test> <!-- Banking App Test -->
  </suite> <!-- inetBankingV1 -->
</testng-results>
